2013-09-03 10:22:22,842INFO-HCANN000001: Hibernate Commons Annotations {4.0.1.Final}
 2013-09-03 10:22:22,903INFO-HHH000412: Hibernate Core {4.0.1.Final}
 2013-09-03 10:22:22,907INFO-HHH000206: hibernate.properties not found
 2013-09-03 10:22:22,910INFO-HHH000021: Bytecode provider name : javassist
 2013-09-03 10:22:23,191INFO-HHH000130: Instantiating explicit connection provider: org.hibernate.service.jdbc.connections.internal.C3P0ConnectionProvider
 2013-09-03 10:22:23,251INFO-HHH010002: C3P0 using driver: oracle.jdbc.driver.OracleDriver at URL: jdbc:oracle:thin:@172.30.254.230:1521:DEV1
 2013-09-03 10:22:23,252INFO-HHH000046: Connection properties: {user=weberp_sim0418, password=****}
 2013-09-03 10:22:23,252INFO-HHH000006: Autocommit mode: false
 2013-09-03 10:22:23,357INFO-MLog clients using log4j logging.
 2013-09-03 10:22:23,951INFO-Initializing c3p0-0.9.2.1 [built 20-March-2013 11:16:28 +0000; debug? true; trace: 10]
 2013-09-03 10:22:24,238INFO-Initializing c3p0 pool... com.mchange.v2.c3p0.PoolBackedDataSource@2d7148b7 [ connectionPoolDataSource -> com.mchange.v2.c3p0.WrapperConnectionPoolDataSource@c6de9098 [ acquireIncrement -> 3, acquireRetryAttempts -> 30, acquireRetryDelay -> 1000, autoCommitOnClose -> false, automaticTestTable -> null, breakAfterAcquireFailure -> false, checkoutTimeout -> 0, connectionCustomizerClassName -> null, connectionTesterClassName -> com.mchange.v2.c3p0.impl.DefaultConnectionTester, debugUnreturnedConnectionStackTraces -> false, factoryClassLocation -> null, forceIgnoreUnresolvedTransactions -> false, identityToken -> 1bqx4ga8w1qlqg46oj3dhy|69b7fe, idleConnectionTestPeriod -> 0, initialPoolSize -> 3, maxAdministrativeTaskTime -> 0, maxConnectionAge -> 0, maxIdleTime -> 0, maxIdleTimeExcessConnections -> 0, maxPoolSize -> 300, maxStatements -> 0, maxStatementsPerConnection -> 0, minPoolSize -> 20, nestedDataSource -> com.mchange.v2.c3p0.DriverManagerDataSource@7a225c85 [ description -> null, driverClass -> null, factoryClassLocation -> null, identityToken -> 1bqx4ga8w1qlqg46oj3dhy|c8aeb3, jdbcUrl -> jdbc:oracle:thin:@172.30.254.230:1521:DEV1, properties -> {user=******, password=******} ], preferredTestQuery -> null, propertyCycle -> 0, statementCacheNumDeferredCloseThreads -> 0, testConnectionOnCheckin -> false, testConnectionOnCheckout -> false, unreturnedConnectionTimeout -> 0, usesTraditionalReflectiveProxies -> false; userOverrides: {} ], dataSourceName -> null, factoryClassLocation -> null, identityToken -> 1bqx4ga8w1qlqg46oj3dhy|116e5d6, numHelperThreads -> 3 ]
 2013-09-03 10:22:25,904INFO-HHH000400: Using dialect: org.hibernate.dialect.Oracle10gDialect
 2013-09-03 10:22:25,982INFO-HHH000424: Disabling contextual LOB creation as createClob() method threw error : java.lang.reflect.InvocationTargetException
 2013-09-03 10:22:26,059INFO-HHH000399: Using default transaction strategy (direct JDBC transactions)
 2013-09-03 10:22:26,102INFO-HHH000397: Using ASTQueryTranslatorFactory
 2013-09-03 10:22:29,054INFO-stop Monitor......

 2013-09-03 10:22:29,054INFO-stop Monitor successful!

 2013-09-03 10:22:36,262INFO-Start Monitor successful!

 2013-09-03 10:23:27,412WARN-文件:D:\SPC\QA_Dest\FLHIW10275AA 323H Set_056079-009-0000.txt发生改变
 2013-09-03 10:23:27,528WARN-实际监测文件:D:\SPC\QA_Dest\FLHIW10275AA 323H Set_056079-009-0000.txt
 2013-09-03 10:23:27,620INFO-Begined Upload File:D:\SPC\QA_Dest\FLHIW10275AA 323H Set_056079-009-0000.txt

 2013-09-03 10:23:30,812INFO-Finished Upload File:D:\SPC\QA_Dest\FLHIW10275AA 323H Set_056079-009-0000.txt

 2013-09-03 10:23:41,129WARN-文件:D:\SPC\QA_Dest\F-QS-FQA-005-10.3A\FLHIW10275AA 323H Set_056079-009-0000.txt发生改变
 2013-09-03 10:23:41,129WARN-实际监测文件:D:\SPC\QA_Dest\F-QS-FQA-005-10.3A\FLHIW10275AA 323H Set_056079-009-0000.txt
 2013-09-03 10:23:41,132INFO-Begined Upload File:D:\SPC\QA_Dest\F-QS-FQA-005-10.3A\FLHIW10275AA 323H Set_056079-009-0000.txt

 2013-09-03 10:23:53,567INFO-Initializing c3p0 pool... com.mchange.v2.c3p0.ComboPooledDataSource [ acquireIncrement -> 3, acquireRetryAttempts -> 30, acquireRetryDelay -> 1000, autoCommitOnClose -> true, automaticTestTable -> null, breakAfterAcquireFailure -> false, checkoutTimeout -> 0, connectionCustomizerClassName -> null, connectionTesterClassName -> com.mchange.v2.c3p0.impl.DefaultConnectionTester, dataSourceName -> 1bqx4ga8w1qlqg46oj3dhy|db81f3, debugUnreturnedConnectionStackTraces -> false, description -> null, driverClass -> oracle.jdbc.driver.OracleDriver, factoryClassLocation -> null, forceIgnoreUnresolvedTransactions -> false, identityToken -> 1bqx4ga8w1qlqg46oj3dhy|db81f3, idleConnectionTestPeriod -> 0, initialPoolSize -> 3, jdbcUrl -> jdbc:oracle:thin:@172.30.254.230:1521:DEV1, maxAdministrativeTaskTime -> 0, maxConnectionAge -> 0, maxIdleTime -> 0, maxIdleTimeExcessConnections -> 0, maxPoolSize -> 15, maxStatements -> 0, maxStatementsPerConnection -> 0, minPoolSize -> 3, numHelperThreads -> 3, preferredTestQuery -> null, properties -> {user=******, password=******}, propertyCycle -> 0, statementCacheNumDeferredCloseThreads -> 0, testConnectionOnCheckin -> false, testConnectionOnCheckout -> false, unreturnedConnectionTimeout -> 0, userOverrides -> {}, usesTraditionalReflectiveProxies -> false ]
 2013-09-03 10:24:03,978INFO-Finished Upload File:D:\SPC\QA_Dest\F-QS-FQA-005-10.3A\FLHIW10275AA 323H Set_056079-009-0000.txt

 2013-09-03 10:24:22,189INFO-监控ID:1  监控目录D:\SPC\QA_Dest

 2013-09-03 10:24:24,061INFO-stop Monitor......

 2013-09-03 10:24:24,061INFO-stop Monitor successful!

 2013-09-03 10:24:49,916INFO-HCANN000001: Hibernate Commons Annotations {4.0.1.Final}
 2013-09-03 10:24:49,923INFO-HHH000412: Hibernate Core {4.0.1.Final}
 2013-09-03 10:24:49,925INFO-HHH000206: hibernate.properties not found
 2013-09-03 10:24:49,926INFO-HHH000021: Bytecode provider name : javassist
 2013-09-03 10:24:50,015INFO-HHH000130: Instantiating explicit connection provider: org.hibernate.service.jdbc.connections.internal.C3P0ConnectionProvider
 2013-09-03 10:24:50,026INFO-HHH010002: C3P0 using driver: oracle.jdbc.driver.OracleDriver at URL: jdbc:oracle:thin:@172.30.254.230:1521:DEV1
 2013-09-03 10:24:50,026INFO-HHH000046: Connection properties: {user=weberp_sim0418, password=****}
 2013-09-03 10:24:50,026INFO-HHH000006: Autocommit mode: false
 2013-09-03 10:24:50,042INFO-MLog clients using log4j logging.
 2013-09-03 10:24:50,125INFO-Initializing c3p0-0.9.2.1 [built 20-March-2013 11:16:28 +0000; debug? true; trace: 10]
 2013-09-03 10:24:50,198INFO-Initializing c3p0 pool... com.mchange.v2.c3p0.PoolBackedDataSource@304d5ded [ connectionPoolDataSource -> com.mchange.v2.c3p0.WrapperConnectionPoolDataSource@7894db2d [ acquireIncrement -> 3, acquireRetryAttempts -> 30, acquireRetryDelay -> 1000, autoCommitOnClose -> false, automaticTestTable -> null, breakAfterAcquireFailure -> false, checkoutTimeout -> 0, connectionCustomizerClassName -> null, connectionTesterClassName -> com.mchange.v2.c3p0.impl.DefaultConnectionTester, debugUnreturnedConnectionStackTraces -> false, factoryClassLocation -> null, forceIgnoreUnresolvedTransactions -> false, identityToken -> 1bqx4ga8w1qltl79pjta4d|9764bd, idleConnectionTestPeriod -> 0, initialPoolSize -> 3, maxAdministrativeTaskTime -> 0, maxConnectionAge -> 0, maxIdleTime -> 0, maxIdleTimeExcessConnections -> 0, maxPoolSize -> 300, maxStatements -> 0, maxStatementsPerConnection -> 0, minPoolSize -> 20, nestedDataSource -> com.mchange.v2.c3p0.DriverManagerDataSource@4bac7ae5 [ description -> null, driverClass -> null, factoryClassLocation -> null, identityToken -> 1bqx4ga8w1qltl79pjta4d|1127c4d, jdbcUrl -> jdbc:oracle:thin:@172.30.254.230:1521:DEV1, properties -> {user=******, password=******} ], preferredTestQuery -> null, propertyCycle -> 0, statementCacheNumDeferredCloseThreads -> 0, testConnectionOnCheckin -> false, testConnectionOnCheckout -> false, unreturnedConnectionTimeout -> 0, usesTraditionalReflectiveProxies -> false; userOverrides: {} ], dataSourceName -> null, factoryClassLocation -> null, identityToken -> 1bqx4ga8w1qltl79pjta4d|ba86ef, numHelperThreads -> 3 ]
 2013-09-03 10:24:51,280INFO-HHH000400: Using dialect: org.hibernate.dialect.Oracle10gDialect
 2013-09-03 10:24:51,300INFO-HHH000424: Disabling contextual LOB creation as createClob() method threw error : java.lang.reflect.InvocationTargetException
 2013-09-03 10:24:51,377INFO-HHH000399: Using default transaction strategy (direct JDBC transactions)
 2013-09-03 10:24:51,387INFO-HHH000397: Using ASTQueryTranslatorFactory
 2013-09-03 10:24:52,548INFO-stop Monitor......

 2013-09-03 10:24:52,548INFO-stop Monitor successful!

 2013-09-03 10:24:57,944INFO-Start Monitor successful!

 